<?xml version="1.0" encoding="UTF-8"?>
<!-- Generated by org.testng.reporters.JUnitXMLReporter -->
<testsuite ignored="0" hostname="DESKTOP-FQEJNI0" failures="0" tests="2" name="Default test" time="6.234" errors="0" timestamp="12 May 2023 19:16:55 GMT">
  <testcase classname="test.Cases.CheckOutAndConfirmOrderTest" name="@BeforeClass OpenURL" time="3.878">
    <failure type="org.openqa.selenium.SessionNotCreatedException" message="session not created
from no such execution context: loader has changed while resolving nodes
  (Session info: chrome=113.0.5672.93)
Build info: version: &amp;apos;3.8.1&amp;apos;, revision: &amp;apos;6e95a6684b&amp;apos;, time: &amp;apos;2017-12-01T18:33:54.468Z&amp;apos;
System info: host: &amp;apos;DESKTOP-FQEJNI0&amp;apos;, ip: &amp;apos;192.168.43.239&amp;apos;, os.name: &amp;apos;Windows 11&amp;apos;, os.arch: &amp;apos;amd64&amp;apos;, os.version: &amp;apos;10.0&amp;apos;, java.version: &amp;apos;20.0.1&amp;apos;
Driver info: driver.version: ChromeDriver
remote stacktrace: Backtrace:
	GetHandleVerifier [0x003E8893+48451]
	(No symbol) [0x0037B8A1]
	(No symbol) [0x00285058]
	(No symbol) [0x002879D6]
	(No symbol) [0x00289631]
	(No symbol) [0x002896D0]
	(No symbol) [0x002D1A58]
	(No symbol) [0x002D047C]
	(No symbol) [0x002CA0B6]
	(No symbol) [0x002A7E08]
	(No symbol) [0x002A8F2D]
	GetHandleVerifier [0x00648E3A+2540266]
	GetHandleVerifier [0x00688959+2801161]
	GetHandleVerifier [0x0068295C+2776588]
	GetHandleVerifier [0x00472280+612144]
	(No symbol) [0x00384F6C]
	(No symbol) [0x003811D8]
	(No symbol) [0x003812BB]
	(No symbol) [0x00374857]
	BaseThreadInitThunk [0x75C87D69+25]
	RtlInitializeExceptionChain [0x7799B74B+107]
	RtlClearBits [0x7799B6CF+191]
">
      <![CDATA[org.openqa.selenium.SessionNotCreatedException: session not created
from no such execution context: loader has changed while resolving nodes
  (Session info: chrome=113.0.5672.93)
Build info: version: '3.8.1', revision: '6e95a6684b', time: '2017-12-01T18:33:54.468Z'
System info: host: 'DESKTOP-FQEJNI0', ip: '192.168.43.239', os.name: 'Windows 11', os.arch: 'amd64', os.version: '10.0', java.version: '20.0.1'
Driver info: driver.version: ChromeDriver
remote stacktrace: Backtrace:
GetHandleVerifier [0x003E8893+48451]
(No symbol) [0x0037B8A1]
(No symbol) [0x00285058]
(No symbol) [0x002879D6]
(No symbol) [0x00289631]
(No symbol) [0x002896D0]
(No symbol) [0x002D1A58]
(No symbol) [0x002D047C]
(No symbol) [0x002CA0B6]
(No symbol) [0x002A7E08]
(No symbol) [0x002A8F2D]
GetHandleVerifier [0x00648E3A+2540266]
GetHandleVerifier [0x00688959+2801161]
GetHandleVerifier [0x0068295C+2776588]
GetHandleVerifier [0x00472280+612144]
(No symbol) [0x00384F6C]
(No symbol) [0x003811D8]
(No symbol) [0x003812BB]
(No symbol) [0x00374857]
BaseThreadInitThunk [0x75C87D69+25]
RtlInitializeExceptionChain [0x7799B74B+107]
RtlClearBits [0x7799B6CF+191]

at java.base/jdk.internal.reflect.DirectConstructorHandleAccessor.newInstance(DirectConstructorHandleAccessor.java:67)
at java.base/java.lang.reflect.Constructor.newInstanceWithCaller(Constructor.java:500)
at java.base/java.lang.reflect.Constructor.newInstance(Constructor.java:484)
at org.openqa.selenium.remote.W3CHandshakeResponse.lambda$new$0(W3CHandshakeResponse.java:57)
at org.openqa.selenium.remote.W3CHandshakeResponse.lambda$getResponseFunction$2(W3CHandshakeResponse.java:104)
at org.openqa.selenium.remote.ProtocolHandshake.lambda$createSession$0(ProtocolHandshake.java:123)
at java.base/java.util.stream.ReferencePipeline$3$1.accept(ReferencePipeline.java:197)
at java.base/java.util.Spliterators$ArraySpliterator.tryAdvance(Spliterators.java:1016)
at java.base/java.util.stream.ReferencePipeline.forEachWithCancel(ReferencePipeline.java:129)
at java.base/java.util.stream.AbstractPipeline.copyIntoWithCancel(AbstractPipeline.java:527)
at java.base/java.util.stream.AbstractPipeline.copyInto(AbstractPipeline.java:513)
at java.base/java.util.stream.AbstractPipeline.wrapAndCopyInto(AbstractPipeline.java:499)
at java.base/java.util.stream.FindOps$FindOp.evaluateSequential(FindOps.java:150)
at java.base/java.util.stream.AbstractPipeline.evaluate(AbstractPipeline.java:234)
at java.base/java.util.stream.ReferencePipeline.findFirst(ReferencePipeline.java:647)
at org.openqa.selenium.remote.ProtocolHandshake.createSession(ProtocolHandshake.java:126)
at org.openqa.selenium.remote.ProtocolHandshake.createSession(ProtocolHandshake.java:73)
at org.openqa.selenium.remote.HttpCommandExecutor.execute(HttpCommandExecutor.java:142)
at org.openqa.selenium.remote.service.DriverCommandExecutor.execute(DriverCommandExecutor.java:83)
at org.openqa.selenium.remote.RemoteWebDriver.execute(RemoteWebDriver.java:601)
at org.openqa.selenium.remote.RemoteWebDriver.startSession(RemoteWebDriver.java:219)
at org.openqa.selenium.remote.RemoteWebDriver.<init>(RemoteWebDriver.java:142)
at org.openqa.selenium.chrome.ChromeDriver.<init>(ChromeDriver.java:181)
at org.openqa.selenium.chrome.ChromeDriver.<init>(ChromeDriver.java:168)
at org.openqa.selenium.chrome.ChromeDriver.<init>(ChromeDriver.java:123)
at amazon.Base.TestBase.openBrowser(TestBase.java:56)
at test.Cases.CheckOutAndConfirmOrderTest.OpenURL(CheckOutAndConfirmOrderTest.java:39)
at java.base/jdk.internal.reflect.DirectMethodHandleAccessor.invoke(DirectMethodHandleAccessor.java:104)
at java.base/java.lang.reflect.Method.invoke(Method.java:578)
at org.testng.internal.MethodInvocationHelper.invokeMethod(MethodInvocationHelper.java:124)
at org.testng.internal.MethodInvocationHelper.invokeMethodConsideringTimeout(MethodInvocationHelper.java:59)
at org.testng.internal.Invoker.invokeConfigurationMethod(Invoker.java:455)
at org.testng.internal.Invoker.invokeConfigurations(Invoker.java:222)
at org.testng.internal.Invoker.invokeConfigurations(Invoker.java:142)
at org.testng.internal.TestMethodWorker.invokeBeforeClassMethods(TestMethodWorker.java:168)
at org.testng.internal.TestMethodWorker.run(TestMethodWorker.java:105)
at org.testng.TestRunner.privateRun(TestRunner.java:648)
at org.testng.TestRunner.run(TestRunner.java:505)
at org.testng.SuiteRunner.runTest(SuiteRunner.java:455)
at org.testng.SuiteRunner.runSequentially(SuiteRunner.java:450)
at org.testng.SuiteRunner.privateRun(SuiteRunner.java:415)
at org.testng.SuiteRunner.run(SuiteRunner.java:364)
at org.testng.SuiteRunnerWorker.runSuite(SuiteRunnerWorker.java:52)
at org.testng.SuiteRunnerWorker.run(SuiteRunnerWorker.java:84)
at org.testng.TestNG.runSuitesSequentially(TestNG.java:1208)
at org.testng.TestNG.runSuitesLocally(TestNG.java:1137)
at org.testng.TestNG.runSuites(TestNG.java:1049)
at org.testng.TestNG.run(TestNG.java:1017)
at org.testng.remote.AbstractRemoteTestNG.run(AbstractRemoteTestNG.java:115)
at org.testng.remote.RemoteTestNG.initAndRun(RemoteTestNG.java:251)
at org.testng.remote.RemoteTestNG.main(RemoteTestNG.java:77)
]]>
    </failure>
  </testcase> <!-- @BeforeClass OpenURL -->
  <testcase classname="test.Cases.CheckOutAndConfirmOrderTest" name="@AfterClass stopDriver" time="0.0">
    <skipped/>
  </testcase> <!-- @AfterClass stopDriver -->
  <testcase classname="test.Cases.CheckOutAndConfirmOrderTest" name="LoginIn" time="0.0">
    <skipped/>
  </testcase> <!-- LoginIn -->
  <testcase classname="test.Cases.CheckOutAndConfirmOrderTest" name="ShopItemAndCheckOut" time="0.0">
    <skipped/>
  </testcase> <!-- ShopItemAndCheckOut -->
</testsuite> <!-- Default test -->
